"../../../Engine/Content/ArtTools/RenderToTexture/Enums/RenderToTexture_Enum.uasset" 0
"../../../Engine/Content/ArtTools/RenderToTexture/Enums/RenderToTexture_Flipbook_Enum.uasset" 1
"../../../Engine/Content/ArtTools/RenderToTexture/Enums/RenderToTexture_Imposter_Enum.uasset" 2
"../../../Engine/Content/EditorBlueprintResources/StandardMacros.uasset" 3
"../../../Engine/Content/ArtTools/RenderToTexture/Enums/EIntTypes.uasset" 4
"../../../Engine/Content/ArtTools/RenderToTexture/Macros/RenderToTextureFunctionLibrary.uasset" 5
"../../../Engine/Content/ArtTools/RenderToTexture/Enums/EFloatTypes.uasset" 6
"../../../Engine/Content/ArtTools/RenderToTexture/Macros/RenderToTextureMacros.uasset" 7
"../../../Engine/Content/Functions/Engine_MaterialFunctions01/Opacity/CameraDepthFade.uasset" 8
"../../../Engine/Content/EngineMaterials/T_Default_Material_Grid_M.uasset" 9
"../../../Engine/Content/EngineMaterials/T_Default_Material_Grid_N.uasset" 10
"../../../Engine/Content/EngineMaterials/WorldGridMaterial.uasset" 11
"../../../Engine/Content/ArtTools/RenderToTexture/Meshes/S_1_Unit_Plane.uasset" 12
"../../../Engine/Content/EngineMaterials/DefaultMaterial.uasset" 13
"../../../Engine/Content/BasicShapes/Cone.uasset" 14
"../../../Engine/Content/BasicShapes/Plane.uasset" 15
"../../../Engine/Content/EngineMaterials/DefaultPhysicalMaterial.uasset" 16
"../../../Engine/Content/BufferVisualization/AmbientOcclusion.uasset" 17
"../../../Engine/Content/BufferVisualization/BaseColor.uasset" 18
"../../../Engine/Content/BufferVisualization/CustomDepth.uasset" 19
"../../../Engine/Content/Functions/Engine_MaterialFunctions02/Utility/VectorLength.uasset" 20
"../../../Engine/Content/BufferVisualization/CustomDepthWorldUnits.uasset" 21
"../../../Engine/Content/Functions/Engine_MaterialFunctions02/Utility/BreakOutFloat2Components.uasset" 22
"../../../Engine/Content/Functions/Engine_MaterialFunctions01/Texturing/ScaleUVsByCenter.uasset" 23
"../../../Engine/Content/Functions/Engine_MaterialFunctions02/ScreenResolution.uasset" 24
"../../../Engine/Content/Functions/Engine_MaterialFunctions02/Texturing/ScreenAlignedUVs.uasset" 25
"../../../Engine/Content/Functions/Engine_MaterialFunctions02/Utility/MakeFloat2.uasset" 26
"../../../Engine/Content/Functions/Engine_MaterialFunctions02/Utility/MakeFloat3.uasset" 27
"../../../Engine/Content/EngineMaterials/MiniFont.uasset" 28
"../../../Engine/Content/BufferVisualization/CustomStencil.uasset" 29
"../../../Engine/Content/BufferVisualization/FinalImage.uasset" 30
"../../../Engine/Content/BufferVisualization/LightingModel.uasset" 31
"../../../Engine/Content/BufferVisualization/MaterialAO.uasset" 32
"../../../Engine/Content/BufferVisualization/Metallic.uasset" 33
"../../../Engine/Content/BufferVisualization/Opacity.uasset" 34
"../../../Engine/Content/BufferVisualization/PostTonemapHDRColor.uasset" 35
"../../../Engine/Content/BufferVisualization/PreTonemapHDRColor.uasset" 36
"../../../Engine/Content/BufferVisualization/Roughness.uasset" 37
"../../../Engine/Content/BufferVisualization/SceneColor.uasset" 38
"../../../Engine/Content/BufferVisualization/SceneDepth.uasset" 39
"../../../Engine/Content/BufferVisualization/SceneDepthWorldUnits.uasset" 40
"../../../Engine/Content/BufferVisualization/SeparateTranslucencyA.uasset" 41
"../../../Engine/Content/BufferVisualization/SeparateTranslucencyRGB.uasset" 42
"../../../Engine/Content/BufferVisualization/Specular.uasset" 43
"../../../Engine/Content/BufferVisualization/SubsurfaceColor.uasset" 44
"../../../Engine/Content/BufferVisualization/WorldNormal.uasset" 45
"../../../Engine/Content/EditorBlueprintResources/ActorMacros.uasset" 46
"../../../Engine/Content/EditorLandscapeResources/DataLayer.uasset" 47
"../../../Engine/Content/EditorLandscapeResources/DefaultAlphaTexture.uasset" 48
"../../../Engine/Content/EditorLandscapeResources/LandscapeGizmoHeight_Mat.uasset" 49
"../../../Engine/Content/EditorLandscapeResources/LandscapeGizmo_Mat.uasset" 50
"../../../Engine/Content/EditorLandscapeResources/LandscapeGizmo_Mat_Copied.uasset" 51
"../../../Engine/Content/EditorLandscapeResources/SplineEditorMeshMat.uasset" 52
"../../../Engine/Content/EditorLandscapeResources/SplineEditorMesh.uasset" 53
"../../../Engine/Content/EditorMaterials/Cross.uasset" 54
"../../../Engine/Content/EditorMaterials/Cross_Mat.uasset" 55
"../../../Engine/Content/EditorMaterials/GizmoMaterial.uasset" 56
"../../../Engine/Content/Functions/Engine_MaterialFunctions02/Utility/Sign.uasset" 57
"../../../Engine/Content/Functions/Engine_MaterialFunctions02/Utility/Round.uasset" 58
"../../../Engine/Content/Functions/Engine_MaterialFunctions02/ExampleContent/Textures/flipbook.uasset" 59
"../../../Engine/Content/Functions/Engine_MaterialFunctions02/Texturing/FlipBook.uasset" 60
"../../../Engine/Content/EditorResources/T_EditorHelp.uasset" 61
"../../../Engine/Content/EditorMaterials/HelpActorMaterial.uasset" 62
"../../../Engine/Content/EditorMaterials/CompositeARGBLayer.uasset" 63
"../../../Engine/Content/EditorMaterials/TilingAALineIntegral.uasset" 64
"../../../Engine/Content/EditorMaterials/TilingAALineBoxFiltered.uasset" 65
"../../../Engine/Content/Functions/Engine_MaterialFunctions03/Procedurals/ComputeFilterWidth.uasset" 66
"../../../Engine/Content/EditorMaterials/TilingAADots.uasset" 67
"../../../Engine/Content/EngineMaterials/BlendFunc_DefBase.uasset" 68
"../../../Engine/Content/EngineMaterials/BlendFunc_DefBlend.uasset" 69
"../../../Engine/Content/Functions/Engine_MaterialFunctions03/Blends/Blend_Screen.uasset" 70
"../../../Engine/Content/EditorMaterials/TilingAAGrid.uasset" 71
"../../../Engine/Content/EditorMaterials/LevelGridMaterial.uasset" 72
"../../../Engine/Content/EditorMaterials/MakeCompositeARGBLayer.uasset" 73
"../../../Engine/Content/EditorResources/LevelGrid1DStripes.uasset" 74
"../../../Engine/Content/EditorMaterials/TextureGridCascaded1D.uasset" 75
"../../../Engine/Content/EditorMaterials/TextureGridCascaded2D.uasset" 76
"../../../Engine/Content/EditorMaterials/LevelGridMaterial2.uasset" 77
"../../../Engine/Content/EditorMaterials/MAT_Groups_Toggle.uasset" 78
"../../../Engine/Content/EditorMaterials/MAT_Groups_Visibility.uasset" 79
"../../../Engine/Content/EditorMaterials/AntialiasedGridFloor.uasset" 80
"../../../Engine/Content/EditorResources/TilePatine_D.uasset" 81
"../../../Engine/Content/EditorResources/TilePatine_N.uasset" 82
"../../../Engine/Content/EngineMaterials/Grid.uasset" 83
"../../../Engine/Content/EditorMaterials/PersonaFloorMat.uasset" 84
"../../../Engine/Content/EditorMaterials/PhAT_BoneSelectedMaterial.uasset" 85
"../../../Engine/Content/EditorMaterials/PhAT_ElemSelectedMaterial.uasset" 86
"../../../Engine/Content/EditorMaterials/PhAT_NoCollisionMaterial.uasset" 87
"../../../Engine/Content/EditorMaterials/PhAT_UnselectedMaterial.uasset" 88
"../../../Engine/Content/EditorMaterials/PreviewShadowIndicator.uasset" 89
"../../../Engine/Content/EditorMaterials/PreviewShadowIndicatorMaterial.uasset" 90
"../../../Engine/Content/EditorMaterials/TargetIcon.uasset" 91
"../../../Engine/Content/EditorMaterials/Tick.uasset" 92
"../../../Engine/Content/EditorMaterials/Tick_Mat.uasset" 93
"../../../Engine/Content/EditorMaterials/WidgetGridVertexColorMaterial.uasset" 94
"../../../Engine/Content/EditorMaterials/WidgetGridVertexColorMaterial_Ma.uasset" 95
"../../../Engine/Content/EditorMaterials/WidgetMaterial.uasset" 96
"../../../Engine/Content/EditorMaterials/WidgetMaterial_Current.uasset" 97
"../../../Engine/Content/EditorMaterials/WidgetMaterial_X.uasset" 98
"../../../Engine/Content/EditorMaterials/WidgetMaterial_Y.uasset" 99
"../../../Engine/Content/EditorMaterials/WidgetMaterial_Z.uasset" 100
"../../../Engine/Content/EditorMaterials/WidgetVertexColorMaterial.uasset" 101
"../../../Engine/Content/EditorMaterials/MatineeGroups/MAT_ColorTrack.uasset" 102
"../../../Engine/Content/EditorMaterials/MatineeGroups/MAT_Groups_Anim.uasset" 103
"../../../Engine/Content/EditorMaterials/MatineeGroups/MAT_Groups_AudioMaster.uasset" 104
"../../../Engine/Content/EditorMaterials/MatineeGroups/MAT_Groups_Director.uasset" 105
"../../../Engine/Content/EditorMaterials/MatineeGroups/MAT_Groups_Event.uasset" 106
"../../../Engine/Content/EditorMaterials/MatineeGroups/MAT_Groups_Fade.uasset" 107
"../../../Engine/Content/EditorMaterials/MatineeGroups/MAT_Groups_Float.uasset" 108
"../../../Engine/Content/EditorMaterials/MatineeGroups/MAT_Groups_Move.uasset" 109
"../../../Engine/Content/EditorMaterials/MatineeGroups/MAT_Groups_Slomo.uasset" 110
"../../../Engine/Content/EditorMaterials/MatineeGroups/MAT_Groups_Sound.uasset" 111
"../../../Engine/Content/EditorMaterials/MatineeGroups/MAT_Groups_Vector.uasset" 112
"../../../Engine/Content/EditorMaterials/ParticleSystems/PSysThumbnail_NoImage.uasset" 113
"../../../Engine/Content/EditorMaterials/ParticleSystems/PSysThumbnail_OOD.uasset" 114
"../../../Engine/Content/EditorMaterials/Thumbnails/FloorPlaneMaterial.uasset" 115
"../../../Engine/Content/EditorMeshes/EditorCube.uasset" 116
"../../../Engine/Content/EditorMeshes/EditorCylinder.uasset" 117
"../../../Engine/Content/EditorMeshes/EditorPlane.uasset" 118
"../../../Engine/Content/EditorMaterials/Thumbnails/SkySphereMaterial.uasset" 119
"../../../Engine/Content/EditorMeshes/EditorSkySphere.uasset" 120
"../../../Engine/Content/EditorMeshes/EditorSphere.uasset" 121
"../../../Engine/Content/EditorResources/MatineeCam_D.uasset" 122
"../../../Engine/Content/EditorMaterials/MatineeCam_mat.uasset" 123
"../../../Engine/Content/EditorMeshes/MatineeCam_SM.uasset" 124
"../../../Engine/Content/Functions/Engine_MaterialFunctions01/Shading/ConvertFromDiffSpec.uasset" 125
"../../../Engine/Content/EditorMaterials/GridMaterial.uasset" 126
"../../../Engine/Content/EditorMeshes/PhAT_FloorBox.uasset" 127
"../../../Engine/Content/EditorMaterials/Camera/CineMat.uasset" 128
"../../../Engine/Content/EditorMaterials/Camera/MI_CineMat_CameraBody.uasset" 129
"../../../Engine/Content/EngineDebugMaterials/M_SimpleOpaque.uasset" 130
"../../../Engine/Content/EditorMaterials/Camera/MI_CineMat_CamViewFinder.uasset" 131
"../../../Engine/Content/EditorMeshes/Camera/SM_CineCam.uasset" 132
"../../../Engine/Content/EditorMaterials/Camera/MI_CineMat_Rig.uasset" 133
"../../../Engine/Content/EditorMeshes/Camera/SM_CraneRig_Arm.uasset" 134
"../../../Engine/Content/EditorMeshes/Camera/SM_CraneRig_Base.uasset" 135
"../../../Engine/Content/EditorMeshes/Camera/SM_CraneRig_Body.uasset" 136
"../../../Engine/Content/EditorMeshes/Camera/SM_CraneRig_Mount.uasset" 137
"../../../Engine/Content/EditorMeshes/Camera/SM_RailRig_Mount.uasset" 138
"../../../Engine/Content/EditorMeshes/Camera/SM_RailRig_Track.uasset" 139
"../../../Engine/Content/EditorResources/Bad.uasset" 140
"../../../Engine/Content/EditorResources/BSPVertex.uasset" 141
"../../../Engine/Content/EditorResources/EmptyActor.uasset" 142
"../../../Engine/Content/EditorResources/MatInstActSprite.uasset" 143
"../../../Engine/Content/EditorResources/SceneManager.uasset" 144
"../../../Engine/Content/EditorResources/SmallFont.uasset" 145
"../../../Engine/Content/EditorResources/S_Actor.uasset" 146
"../../../Engine/Content/EditorResources/S_DecalActorIcon.uasset" 147
"../../../Engine/Content/EditorResources/S_Emitter.uasset" 148
"../../../Engine/Content/EditorResources/S_ExpoHeightFog.uasset" 149
"../../../Engine/Content/EditorResources/S_FTest.uasset" 150
"../../../Engine/Content/EditorResources/S_KBSJoint.uasset" 151
"../../../Engine/Content/EditorResources/S_KHinge.uasset" 152
"../../../Engine/Content/EditorResources/S_KPrismatic.uasset" 153
"../../../Engine/Content/EditorResources/S_LevelSequence.uasset" 154
"../../../Engine/Content/EditorResources/S_NavP.uasset" 155
"../../../Engine/Content/EditorResources/S_Note.uasset" 156
"../../../Engine/Content/EditorResources/S_Player.uasset" 157
"../../../Engine/Content/EditorResources/S_PortalActorIcon2.uasset" 158
"../../../Engine/Content/EditorResources/S_RadForce.uasset" 159
"../../../Engine/Content/EditorResources/S_ReflActorIcon.uasset" 160
"../../../Engine/Content/EditorResources/S_Terrain.uasset" 161
"../../../Engine/Content/EditorResources/S_TextRenderActorIcon.uasset" 162
"../../../Engine/Content/EditorResources/S_Thruster.uasset" 163
"../../../Engine/Content/EditorResources/S_Trigger.uasset" 164
"../../../Engine/Content/EditorResources/S_VectorFieldVol.uasset" 165
"../../../Engine/Content/EditorResources/S_WindDirectional.uasset" 166
"../../../Engine/Content/EditorResources/AI/S_NavLink.uasset" 167
"../../../Engine/Content/EditorResources/LightIcons/SkyLight.uasset" 168
"../../../Engine/Content/EditorResources/LightIcons/S_LightDirectional.uasset" 169
"../../../Engine/Content/EditorResources/LightIcons/S_LightDirectionalMove.uasset" 170
"../../../Engine/Content/EditorResources/LightIcons/S_LightError.uasset" 171
"../../../Engine/Content/EditorResources/LightIcons/S_LightPoint.uasset" 172
"../../../Engine/Content/EditorResources/LightIcons/S_LightPointMove.uasset" 173
"../../../Engine/Content/EditorResources/LightIcons/S_LightSpot.uasset" 174
"../../../Engine/Content/EditorResources/LightIcons/S_LightSpotMove.uasset" 175
"../../../Engine/Content/EditorResources/SequenceRecorder/Countdown.uasset" 176
"../../../Engine/Content/EditorResources/SequenceRecorder/RecordingIndicator.uasset" 177
"../../../Engine/Content/EditorResources/Spline/T_Loft_Spline.uasset" 178
"../../../Engine/Content/EditorSounds/Notifications/CompileFailed.uasset" 179
"../../../Engine/Content/EditorSounds/Notifications/CompileFailed_Cue.uasset" 180
"../../../Engine/Content/EditorSounds/Notifications/CompileSuccess.uasset" 181
"../../../Engine/Content/EditorSounds/Notifications/CompileStart_Cue.uasset" 182
"../../../Engine/Content/EditorSounds/Notifications/CompileSuccess_Cue.uasset" 183
"../../../Engine/Content/EngineDamageTypes/DmgTypeBP_Environmental.uasset" 184
"../../../Engine/Content/EngineDebugMaterials/HeatmapGradient.uasset" 185
"../../../Engine/Content/EngineDebugMaterials/BoneWeightMaterial.uasset" 186
"../../../Engine/Content/EngineDebugMaterials/ClothMaterial.uasset" 187
"../../../Engine/Content/EngineDebugMaterials/ClothMaterial_WF.uasset" 188
"../../../Engine/Content/EngineDebugMaterials/DebugEditorMaterial.uasset" 189
"../../../Engine/Content/EngineDebugMaterials/DebugMeshMaterial.uasset" 190
"../../../Engine/Content/EngineDebugMaterials/GeomMaterial.uasset" 191
"../../../Engine/Content/EngineDebugMaterials/LevelColorationLitMaterial.uasset" 192
"../../../Engine/Content/EngineDebugMaterials/LevelColorationUnlitMaterial.uasset" 193
"../../../Engine/Content/EngineMaterials/DefaultWhiteGrid.uasset" 194
"../../../Engine/Content/EngineDebugMaterials/MAT_LevelColorationLitLightmapUV.uasset" 195
"../../../Engine/Content/EngineDebugMaterials/M_SimpleTranslucent.uasset" 196
"../../../Engine/Content/EngineDebugMaterials/ShadedLevelColorationLitMaterial.uasset" 197
"../../../Engine/Content/EngineDebugMaterials/ShadedLevelColorationUnlitMateri.uasset" 198
"../../../Engine/Content/EngineDebugMaterials/VertexColorMaterial.uasset" 199
"../../../Engine/Content/EngineDebugMaterials/VertexColorViewMode_AlphaAsColor.uasset" 200
"../../../Engine/Content/EngineDebugMaterials/VertexColorViewMode_BlueOnly.uasset" 201
"../../../Engine/Content/EngineDebugMaterials/VertexColorViewMode_ColorOnly.uasset" 202
"../../../Engine/Content/EngineDebugMaterials/VertexColorViewMode_GreenOnly.uasset" 203
"../../../Engine/Content/EngineDebugMaterials/VertexColorViewMode_RedOnly.uasset" 204
"../../../Engine/Content/EngineDebugMaterials/WireframeMaterial.uasset" 205
"../../../Engine/Content/EngineFonts/Faces/RobotoBold.uasset" 206
"../../../Engine/Content/EngineFonts/Faces/RobotoBoldItalic.uasset" 207
"../../../Engine/Content/EngineFonts/Faces/RobotoItalic.uasset" 208
"../../../Engine/Content/EngineFonts/Faces/RobotoLight.uasset" 209
"../../../Engine/Content/EngineFonts/Faces/RobotoRegular.uasset" 210
"../../../Engine/Content/EngineFonts/Roboto.uasset" 211
"../../../Engine/Content/EngineFonts/Faces/RobotoTiny.uasset" 212
"../../../Engine/Content/EngineFonts/RobotoTiny.uasset" 213
"../../../Engine/Content/EngineFonts/SmallFont.uasset" 214
"../../../Engine/Content/EngineFonts/TinyFont.uasset" 215
"../../../Engine/Content/EngineMaterials/BaseFlattenDiffuseMap.uasset" 216
"../../../Engine/Content/EngineMaterials/BaseFlattenEmissiveMap.uasset" 217
"../../../Engine/Content/EngineMaterials/BaseFlattenGrayscaleMap.uasset" 218
"../../../Engine/Content/EngineMaterials/BaseFlattenNormalMap.uasset" 219
"../../../Engine/Content/EngineMaterials/BaseFlattenMaterial.uasset" 220
"../../../Engine/Content/EngineResources/WhiteSquareTexture.uasset" 221
"../../../Engine/Content/EngineMaterials/BlinkingCaret.uasset" 222
"../../../Engine/Content/EngineMaterials/DefaultBloomKernel.uasset" 223
"../../../Engine/Content/EngineMaterials/DefaultBokeh.uasset" 224
"../../../Engine/Content/EngineMaterials/DefaultDiffuse.uasset" 225
"../../../Engine/Content/EngineMaterials/DefaultDeferredDecalMaterial.uasset" 226
"../../../Engine/Content/EngineMaterials/DefaultLightFunctionMaterial.uasset" 227
"../../../Engine/Content/EngineMaterials/DefaultNormal.uasset" 228
"../../../Engine/Content/EngineMaterials/DefaultPostProcessMaterial.uasset" 229
"../../../Engine/Content/EngineFonts/RobotoDistanceField.uasset" 230
"../../../Engine/Content/EngineMaterials/DefaultTextMaterialOpaque.uasset" 231
"../../../Engine/Content/EngineMaterials/EditorBrushMaterial.uasset" 232
"../../../Engine/Content/EngineMaterials/Grid_N.uasset" 233
"../../../Engine/Content/EngineMaterials/HighResolutionScreenshotMaskFunction.uasset" 234
"../../../Engine/Content/EngineMaterials/HighResScreenshot.uasset" 235
"../../../Engine/Content/EngineMaterials/HighResScreenshotCaptureRegion.uasset" 236
"../../../Engine/Content/EngineMaterials/HighResScreenshotMask.uasset" 237
"../../../Engine/Content/EngineMaterials/LandscapeHolePhysicalMaterial.uasset" 238
"../../../Engine/Content/EngineMaterials/InvalidLightmapSettings.uasset" 239
"../../../Engine/Content/EngineMaterials/M_InvalidLightmapSettings.uasset" 240
"../../../Engine/Content/EngineMaterials/PaperDiffuse.uasset" 241
"../../../Engine/Content/EngineMaterials/PaperNormal.uasset" 242
"../../../Engine/Content/Functions/Engine_MaterialFunctions02/WorldPositionOffset/CameraOffset.uasset" 243
"../../../Engine/Content/EngineMaterials/PhAT_JointLimitMaterial.uasset" 244
"../../../Engine/Content/EngineMaterials/PhysMat_Rubber.uasset" 245
"../../../Engine/Content/EngineMaterials/PreintegratedSkinBRDF.uasset" 246
"../../../Engine/Content/EngineMaterials/RemoveSurfaceMaterial.uasset" 247
"../../../Engine/Content/EngineMaterials/WeightMapPlaceholderTexture.uasset" 248
"../../../Engine/Content/EngineMaterials/Widget3DPassThrough.uasset" 249
"../../../Engine/Content/EngineMaterials/Widget3DPassThrough_Masked.uasset" 250
"../../../Engine/Content/EngineMaterials/Widget3DPassThrough_Opaque.uasset" 251
"../../../Engine/Content/EngineMaterials/Widget3DPassThrough_Masked_OneSided.uasset" 252
"../../../Engine/Content/EngineMaterials/Widget3DPassThrough_Opaque_OneSided.uasset" 253
"../../../Engine/Content/EngineMaterials/Widget3DPassThrough_Translucent.uasset" 254
"../../../Engine/Content/EngineMaterials/Widget3DPassThrough_Translucent_OneSided.uasset" 255
"../../../Engine/Content/EngineMeshes/Cylinder.uasset" 256
"../../../Engine/Content/EngineMeshes/Sphere.uasset" 257
"../../../Engine/Content/EngineResources/Black.uasset" 258
"../../../Engine/Content/EngineResources/DefaultTexture.uasset" 259
"../../../Engine/Content/EngineResources/DefaultTextureCube.uasset" 260
"../../../Engine/Content/EngineResources/DefaultVolumeTexture2D.uasset" 261
"../../../Engine/Content/EngineResources/DefaultVolumeTexture.uasset" 262
"../../../Engine/Content/EngineResources/GradientTexture0.uasset" 263
"../../../Engine/Content/EngineResources/StreamingPauseIcon.uasset" 264
"../../../Engine/Content/EngineResources/M_StreamingPause.uasset" 265
"../../../Engine/Content/EngineSounds/Master.uasset" 266
"../../../Engine/Content/Functions/Engine_MaterialFunctions01/Shading/PowerToRoughness.uasset" 267
"../../../Engine/Content/Maps/Templates/Thumbnails/Default.uasset" 268
"../../../Engine/Content/Maps/Templates/Thumbnails/VR-Basic.uasset" 269
"../../../Engine/Content/MapTemplates/Sky/DaylightAmbientCubemap.uasset" 270
"../../../Engine/Content/MobileResources/T_MobileControls_texture.uasset" 271
"../../../Engine/Content/MobileResources/T_MobileMenu2.uasset" 272
"../../../Engine/Content/MobileResources/HUD/AnalogHat.uasset" 273
"../../../Engine/Content/MobileResources/HUD/VirtualJoystick_Background.uasset" 274
"../../../Engine/Content/MobileResources/HUD/VirtualJoystick_Thumb.uasset" 275
"../../../Engine/Content/MobileResources/HUD/DefaultVirtualJoysticks.uasset" 276
"../../../Engine/Content/MobileResources/HUD/LeftVirtualJoystickOnly.uasset" 277
"../../../Engine/Content/MobileResources/HUD/MobileHUDButton1_off.uasset" 278
"../../../Engine/Content/MobileResources/HUD/MobileHUDButton1_on.uasset" 279
"../../../Engine/Content/MobileResources/HUD/MobileHUDButton2_off.uasset" 280
"../../../Engine/Content/MobileResources/HUD/MobileHUDButton2_on.uasset" 281
"../../../Engine/Content/MobileResources/HUD/MobileHUDButton3.uasset" 282
"../../../Engine/Content/MobileResources/HUD/MobileHUDButtonFire.uasset" 283
"../../../Engine/Content/MobileResources/HUD/MobileHUDDirectionPad.uasset" 284
"../../../Engine/Content/MobileResources/HUD/MobileHUDDirectionPad2.uasset" 285
"../../../Engine/Content/MobileResources/HUD/MobileHUDDirectionPad3.uasset" 286
"../../../Engine/Content/MobileResources/HUD/MobileHUDDirectionStick.uasset" 287
"../../../Engine/Content/MobileResources/HUD/T_Castle_ThumbstickInner.uasset" 288
"../../../Engine/Content/MobileResources/HUD/T_Castle_ThumbstickOutter.uasset" 289
"../../../Engine/Content/Tutorial/ContentIntroCurve.uasset" 290
"../../../Engine/Content/Tutorial/Basics/TutorialAssets/icon_tab_Levels_40x.uasset" 291
"../../../Engine/Content/Tutorial/BlueprintTutorials/TutorialAssets/Blueprint_64x.uasset" 292
"../../../Engine/Content/VREditor/LaserPointer/VR_LaserPower_01.uasset" 293
"../../../Engine/Content/VREditor/TransformGizmo/TransformGizmoMaterial.uasset" 294
"../../../Engine/Content/VREditor/TransformGizmo/TranslucentTransformGizmoMaterial.uasset" 295
"../../../Engine/Content/VREditor/TransformGizmo/BoundingBoxCorner.uasset" 296
"../../../Engine/Content/VREditor/TransformGizmo/BoundingBoxEdge.uasset" 297
"../../../Engine/Content/VREditor/TransformGizmo/PlaneTranslationHandle.uasset" 298
"../../../Engine/Content/VREditor/TransformGizmo/Main.uasset" 299
"../../../Engine/Content/VREditor/TransformGizmo/Xray.uasset" 300
"../../../Engine/Content/VREditor/TransformGizmo/SM_Sequencer_Key.uasset" 301
"../../../Engine/Content/VREditor/TransformGizmo/SM_Sequencer_Node.uasset" 302
"D:/Unreal Projects/VR-Controller/Content/Framework/Buttons/ButtonTypes.uasset" 303
"D:/Unreal Projects/VR-Controller/Content/Framework/Controllers/GenericKeys.uasset" 304
"D:/Unreal Projects/VR-Controller/Content/StarterContent/Audio/Collapse01.uasset" 305
"D:/Unreal Projects/VR-Controller/Content/StarterContent/Audio/Collapse02.uasset" 306
"D:/Unreal Projects/VR-Controller/Content/StarterContent/Audio/Collapse_Cue.uasset" 307
"D:/Unreal Projects/VR-Controller/Content/StarterContent/Audio/Explosion01.uasset" 308
"D:/Unreal Projects/VR-Controller/Content/StarterContent/Audio/Explosion02.uasset" 309
"D:/Unreal Projects/VR-Controller/Content/StarterContent/Audio/Explosion_Cue.uasset" 310
"D:/Unreal Projects/VR-Controller/Content/StarterContent/Audio/Fire_Sparks01.uasset" 311
"D:/Unreal Projects/VR-Controller/Content/StarterContent/Audio/Fire_Sparks01_Cue.uasset" 312
"../../Plugins/2D/Paper2D/Content/PlaceholderTextures/DummySpriteTexture.uasset" 313
"../../Plugins/2D/Paper2D/Content/DummySprite.uasset" 314
"../../Plugins/2D/Paper2D/Content/DefaultPaperTerrainMaterial.uasset" 315
"../../Plugins/2D/Paper2D/Content/DefaultSpriteMaterial.uasset" 316
"../../Plugins/2D/Paper2D/Content/MaskedUnlitSpriteMaterial.uasset" 317
"../../Plugins/2D/Paper2D/Content/OpaqueUnlitSpriteMaterial.uasset" 318
"../../Plugins/Enterprise/DatasmithContent/Content/Blueprints/FBXImporter/ArrayOfActor.uasset" 319
"../../Plugins/Enterprise/DatasmithContent/Content/Blueprints/FBXImporter/ArrayOfSwitch.uasset" 320
"../../Plugins/Enterprise/DatasmithContent/Content/Blueprints/FBXImporter/BP_SceneNode.uasset" 321
"../../Plugins/Enterprise/DatasmithContent/Content/Blueprints/FBXImporter/BP_Switch.uasset" 322
"../../Plugins/Enterprise/DatasmithContent/Content/Blueprints/FBXImporter/BP_SceneRoot.uasset" 323
"../../Plugins/Enterprise/DatasmithContent/Content/Blueprints/FBXImporter/FBXImporterUtils.uasset" 324
"../../Plugins/Enterprise/DatasmithContent/Content/Blueprints/FBXImporter/Animation/DeltaGenAnimationTrackType.uasset" 325
"../../Plugins/Enterprise/DatasmithContent/Content/Blueprints/FBXImporter/Animation/VREDAnimationTrackComponent.uasset" 326
"../../Plugins/Enterprise/DatasmithContent/Content/Blueprints/FBXImporter/Animation/VREDAnimationTrackType.uasset" 327
"../../Plugins/Enterprise/DatasmithContent/Content/Blueprints/FBXImporter/Variants/VariantSwitchType.uasset" 328
"../../Plugins/Enterprise/DatasmithContent/Content/Blueprints/FBXImporter/Variants/VREDVariantSwitchType.uasset" 329
"../../Plugins/Runtime/Oculus/OculusVR/Content/Materials/PokeAHoleMaterial.uasset" 330
"../../Plugins/Runtime/Oculus/OculusVR/Content/Textures/GearVRController_AO.uasset" 331
"../../Plugins/Runtime/Oculus/OculusVR/Content/Textures/GearVRController_Color.uasset" 332
"../../Plugins/Runtime/Oculus/OculusVR/Content/Textures/GearVRController_Normal.uasset" 333
"../../Plugins/Runtime/Oculus/OculusVR/Content/Materials/GearVRControllerMaterial.uasset" 334
"../../Plugins/Runtime/Oculus/OculusVR/Content/Meshes/GearVrController.uasset" 335
"../../Plugins/Runtime/Oculus/OculusVR/Content/Textures/touchController_albedo.uasset" 336
"../../Plugins/Runtime/Oculus/OculusVR/Content/Textures/touchController_controlmap.uasset" 337
"../../Plugins/Runtime/Oculus/OculusVR/Content/Materials/touchController_mat.uasset" 338
"../../Plugins/Runtime/Oculus/OculusVR/Content/Meshes/LeftTouchController.uasset" 339
"../../Plugins/Runtime/Oculus/OculusVR/Content/Meshes/RiftHMD.uasset" 340
"../../Plugins/Runtime/Oculus/OculusVR/Content/Meshes/RightTouchController.uasset" 341
"../../../Engine/Content/Maps/Entry_BuiltData.uasset" 342
"../../../Engine/Content/Maps/Entry.umap" 343
"../../../Engine/Content/EngineSky/C_Sky_Cloud_Color.uasset" 344
"../../../Engine/Content/EngineSky/C_Sky_Horizon_Color.uasset" 345
"../../../Engine/Content/EngineSky/C_Sky_Zenith_Color.uasset" 346
"../../../Engine/Content/EngineSky/T_Sky_Blue.uasset" 347
"../../../Engine/Content/EngineSky/T_Sky_Clouds_M.uasset" 348
"../../../Engine/Content/EngineSky/T_Sky_Stars.uasset" 349
"../../../Engine/Content/EngineSky/M_Sky_Panning_Clouds2.uasset" 350
"../../../Engine/Content/EngineSky/SM_SkySphere.uasset" 351
"../../../Engine/Content/EngineSky/BP_Sky_Sphere.uasset" 352
"D:/Unreal Projects/VR-Controller/Content/VirtualRealityBP/Blueprints/PickupActorInterface.uasset" 353
"D:/Unreal Projects/VR-Controller/Content/VirtualReality/Materials/M_BaseMaterial.uasset" 354
"D:/Unreal Projects/VR-Controller/Content/VirtualReality/Materials/MI_SmallCubes.uasset" 355
"D:/Unreal Projects/VR-Controller/Content/Geometry/Meshes/CubeMaterial.uasset" 356
"D:/Unreal Projects/VR-Controller/Content/Geometry/Meshes/1M_Cube.uasset" 357
"D:/Unreal Projects/VR-Controller/Content/VirtualRealityBP/Blueprints/BP_PickupCube.uasset" 358
"D:/Unreal Projects/VR-Controller/Content/VirtualReality/Mannequin/Character/Mesh/MannequinHand_Right_Skeleton.uasset" 359
"D:/Unreal Projects/VR-Controller/Content/VirtualReality/Mannequin/Animations/MannequinHand_Right_CanGrab.uasset" 360
"D:/Unreal Projects/VR-Controller/Content/VirtualReality/Mannequin/Animations/MannequinHand_Right_Grab.uasset" 361
"D:/Unreal Projects/VR-Controller/Content/VirtualReality/Mannequin/Animations/MannequinHand_Right_Open.uasset" 362
"D:/Unreal Projects/VR-Controller/Content/VirtualReality/Mannequin/Animations/RightGrip_BS.uasset" 363
"D:/Unreal Projects/VR-Controller/Content/VirtualRealityBP/Blueprints/GripEnum.uasset" 364
"D:/Unreal Projects/VR-Controller/Content/VirtualReality/Mannequin/Animations/RightHand_AnimBP.uasset" 365
"D:/Unreal Projects/VR-Controller/Content/VirtualRealityBP/Blueprints/MotionControllerHaptics.uasset" 366
"../../../Engine/Content/Functions/Engine_MaterialFunctions02/Utility/CameraDirectionVector.uasset" 367
"../../../Engine/Content/Functions/Engine_MaterialFunctions02/Utility/DepthFromWorldPosition.uasset" 368
"D:/Unreal Projects/VR-Controller/Content/VirtualReality/Materials/MF_OccludedPixels.uasset" 369
"D:/Unreal Projects/VR-Controller/Content/VirtualReality/Materials/TeleportMCP.uasset" 370
"../../../Engine/Content/EngineMaterials/Good64x64TilingNoiseHighFreq.uasset" 371
"D:/Unreal Projects/VR-Controller/Content/VirtualReality/Materials/M_ArcEndpoint.uasset" 372
"D:/Unreal Projects/VR-Controller/Content/VirtualReality/Materials/M_SplineArcMat.uasset" 373
"D:/Unreal Projects/VR-Controller/Content/VirtualReality/Materials/M_TeleportPreviews.uasset" 374
"D:/Unreal Projects/VR-Controller/Content/VirtualReality/Materials/MI_ChaperoneOutline.uasset" 375
"D:/Unreal Projects/VR-Controller/Content/VirtualReality/Materials/MI_TeleportCylinderPreview.uasset" 376
"../../../Engine/Content/BasicShapes/Cylinder.uasset" 377
"../../../Engine/Content/BasicShapes/Sphere.uasset" 378
"D:/Unreal Projects/VR-Controller/Content/VirtualReality/Mannequin/Character/Textures/UE4_Mannequin__normals.uasset" 379
"D:/Unreal Projects/VR-Controller/Content/VirtualReality/Mannequin/Character/Textures/UE4_Mannequin_MAT_MASKA.uasset" 380
"D:/Unreal Projects/VR-Controller/Content/VirtualReality/Mannequin/Character/Materials/M_HandMat.uasset" 381
"D:/Unreal Projects/VR-Controller/Content/VirtualReality/Mannequin/Character/Mesh/MannequinHand_Right_PhysicsAsset.uasset" 382
"D:/Unreal Projects/VR-Controller/Content/VirtualReality/Mannequin/Character/Mesh/MannequinHand_Right.uasset" 383
"D:/Unreal Projects/VR-Controller/Content/VirtualReality/Meshes/1x1_cube.uasset" 384
"D:/Unreal Projects/VR-Controller/Content/VirtualReality/Meshes/BeaconDirection.uasset" 385
"D:/Unreal Projects/VR-Controller/Content/VirtualReality/Meshes/BeamMesh.uasset" 386
"D:/Unreal Projects/VR-Controller/Content/VirtualReality/Meshes/SM_FatCylinder.uasset" 387
"D:/Unreal Projects/VR-Controller/Content/VirtualRealityBP/Blueprints/BP_MotionController.uasset" 388
"D:/Unreal Projects/VR-Controller/Content/VirtualRealityBP/Blueprints/MotionControllerPawn.uasset" 389
"D:/Unreal Projects/VR-Controller/Content/VirtualRealityBP/Maps/PickUpTest_BuiltData.uasset" 390
"D:/Unreal Projects/VR-Controller/Content/VirtualReality/Materials/MI_BaseMaterial2.uasset" 391
"D:/Unreal Projects/VR-Controller/Content/VirtualReality/Materials/MI_BaseMaterial3.uasset" 392
"D:/Unreal Projects/VR-Controller/Content/VirtualRealityBP/Maps/PickUpTest.umap" 393
"../../../Engine/Content/BasicShapes/BasicShapeMaterial.uasset" 394
"D:/Unreal Projects/VR-Controller/Content/Blueprints/FloatingSphere.uasset" 395
"D:/Unreal Projects/VR-Controller/Content/Framework/Hands/Model/hand_Skeleton.uasset" 396
"D:/Unreal Projects/VR-Controller/Content/Framework/Hands/Model/Animations/open_palm_stretched.uasset" 397
"D:/Unreal Projects/VR-Controller/Content/Framework/Hands/Model/Animations/thumbs.uasset" 398
"D:/Unreal Projects/VR-Controller/Content/Framework/Hands/Model/Animations/anim_fist.uasset" 399
"D:/Unreal Projects/VR-Controller/Content/Framework/Hands/Model/Animations/anim_fist_no_thumb.uasset" 400
"D:/Unreal Projects/VR-Controller/Content/Framework/Hands/Model/Animations/open_palm.uasset" 401
"D:/Unreal Projects/VR-Controller/Content/Framework/Hands/Model/Animations/OpenPalmBS.uasset" 402
"D:/Unreal Projects/VR-Controller/Content/Framework/Hands/Model/Animations/Thumb.uasset" 403
"D:/Unreal Projects/VR-Controller/Content/Framework/Hands/Model/HandAnimBP.uasset" 404
"D:/Unreal Projects/VR-Controller/Content/Framework/Hands/LocationLog.uasset" 405
"D:/Unreal Projects/VR-Controller/Content/Framework/Hands/GrabTypes.uasset" 406
"D:/Unreal Projects/VR-Controller/Content/Framework/Hands/Grabable.uasset" 407
"D:/Unreal Projects/VR-Controller/Content/Framework/Hands/IndexCollider.uasset" 408
"D:/Unreal Projects/VR-Controller/Content/Framework/VIsualConfig.uasset" 409
"D:/Unreal Projects/VR-Controller/Content/Framework/UI/LaserEndMat.uasset" 410
"D:/Unreal Projects/VR-Controller/Content/Framework/UI/LaserEnd.uasset" 411
"D:/Unreal Projects/VR-Controller/Content/Framework/UI/LaserInteract.uasset" 412
"D:/Unreal Projects/VR-Controller/Content/Framework/Haptics/Grab.uasset" 413
"D:/Unreal Projects/VR-Controller/Content/Framework/Haptics/Release.uasset" 414
"D:/Unreal Projects/VR-Controller/Content/Framework/UI/laser-texture.uasset" 415
"D:/Unreal Projects/VR-Controller/Content/Framework/UI/laser-material.uasset" 416
"../../../Engine/Content/Functions/Engine_MaterialFunctions01/Shading/FuzzyShading.uasset" 417
"D:/Unreal Projects/VR-Controller/Content/Framework/Hands/Model/Hand_Fade.uasset" 418
"D:/Unreal Projects/VR-Controller/Content/Framework/Hands/Model/HandMat.uasset" 419
"D:/Unreal Projects/VR-Controller/Content/Framework/Hands/Model/hand_PhysicsAsset.uasset" 420
"D:/Unreal Projects/VR-Controller/Content/Framework/Hands/Model/hand.uasset" 421
"D:/Unreal Projects/VR-Controller/Content/Framework/Teleport/teleport_spline.uasset" 422
"D:/Unreal Projects/VR-Controller/Content/Framework/Teleport/TeleportMarkerMat.uasset" 423
"D:/Unreal Projects/VR-Controller/Content/Framework/Teleport/TeleportMarker.uasset" 424
"D:/Unreal Projects/VR-Controller/Content/Framework/UI/laser.uasset" 425
"D:/Unreal Projects/VR-Controller/Content/Framework/Hands/HandBP.uasset" 426
"D:/Unreal Projects/VR-Controller/Content/Framework/Controllers/MotionControllerBase.uasset" 427
"D:/Unreal Projects/VR-Controller/Content/Framework/Controllers/HTCVive/ViveWand.uasset" 428
"D:/Unreal Projects/VR-Controller/Content/Framework/Controllers/Touch/Models/left_touch_controller_model_skel_Skeleton.uasset" 429
"D:/Unreal Projects/VR-Controller/Content/Framework/Controllers/Touch/Animations/l_controller_joy_E_anim.uasset" 430
"D:/Unreal Projects/VR-Controller/Content/Framework/Controllers/Touch/Animations/l_controller_joy_N_anim.uasset" 431
"D:/Unreal Projects/VR-Controller/Content/Framework/Controllers/Touch/Animations/l_controller_joy_NE_anim.uasset" 432
"D:/Unreal Projects/VR-Controller/Content/Framework/Controllers/Touch/Animations/l_controller_joy_NW_anim.uasset" 433
"D:/Unreal Projects/VR-Controller/Content/Framework/Controllers/Touch/Animations/l_controller_joy_S_anim.uasset" 434
"D:/Unreal Projects/VR-Controller/Content/Framework/Controllers/Touch/Animations/l_controller_joy_SE_anim.uasset" 435
"D:/Unreal Projects/VR-Controller/Content/Framework/Controllers/Touch/Animations/l_controller_joy_SW_anim.uasset" 436
"D:/Unreal Projects/VR-Controller/Content/Framework/Controllers/Touch/Animations/l_controller_joy_W_anim.uasset" 437
"D:/Unreal Projects/VR-Controller/Content/Framework/Controllers/Touch/Animations/LeftControllerStick.uasset" 438
"D:/Unreal Projects/VR-Controller/Content/Framework/Controllers/Touch/Animations/l_controller_grip_button_anim.uasset" 439
"D:/Unreal Projects/VR-Controller/Content/Framework/Controllers/Touch/Animations/l_controller_neutral_anim.uasset" 440
"D:/Unreal Projects/VR-Controller/Content/Framework/Controllers/Touch/Animations/l_controller_grip_pull.uasset" 441
"D:/Unreal Projects/VR-Controller/Content/Framework/Controllers/Touch/Animations/l_controller_button01_anim.uasset" 442
"D:/Unreal Projects/VR-Controller/Content/Framework/Controllers/Touch/Animations/l_controller_press_B1.uasset" 443
"D:/Unreal Projects/VR-Controller/Content/Framework/Controllers/Touch/Animations/l_controller_button02_anim.uasset" 444
"D:/Unreal Projects/VR-Controller/Content/Framework/Controllers/Touch/Animations/l_controller_press_B2.uasset" 445
"D:/Unreal Projects/VR-Controller/Content/Framework/Controllers/Touch/Animations/l_controller_trigger_pull_anim.uasset" 446
"D:/Unreal Projects/VR-Controller/Content/Framework/Controllers/Touch/Animations/l_controller_trigger_pull.uasset" 447
"D:/Unreal Projects/VR-Controller/Content/Framework/Controllers/Touch/Models/LeftTouchAnimBP.uasset" 448
"D:/Unreal Projects/VR-Controller/Content/Framework/Controllers/Touch/Models/right_touch_controller_model_skel_Skeleton.uasset" 449
"D:/Unreal Projects/VR-Controller/Content/Framework/Controllers/Touch/Animations/r_controller_joy_E_anim.uasset" 450
"D:/Unreal Projects/VR-Controller/Content/Framework/Controllers/Touch/Animations/r_controller_joy_N_anim.uasset" 451
"D:/Unreal Projects/VR-Controller/Content/Framework/Controllers/Touch/Animations/r_controller_joy_NE_anim.uasset" 452
"D:/Unreal Projects/VR-Controller/Content/Framework/Controllers/Touch/Animations/r_controller_joy_NW_anim.uasset" 453
"D:/Unreal Projects/VR-Controller/Content/Framework/Controllers/Touch/Animations/r_controller_joy_S_anim.uasset" 454
"D:/Unreal Projects/VR-Controller/Content/Framework/Controllers/Touch/Animations/r_controller_joy_SE_anim.uasset" 455
"D:/Unreal Projects/VR-Controller/Content/Framework/Controllers/Touch/Animations/r_controller_joy_SW_anim.uasset" 456
"D:/Unreal Projects/VR-Controller/Content/Framework/Controllers/Touch/Animations/r_controller_joy_W_anim.uasset" 457
"D:/Unreal Projects/VR-Controller/Content/Framework/Controllers/Touch/Animations/r_controller_neutral_anim.uasset" 458
"D:/Unreal Projects/VR-Controller/Content/Framework/Controllers/Touch/Animations/RightControllerStick.uasset" 459
"D:/Unreal Projects/VR-Controller/Content/Framework/Controllers/Touch/Animations/r_controller_grip_button_anim.uasset" 460
"D:/Unreal Projects/VR-Controller/Content/Framework/Controllers/Touch/Animations/r_controller_grip_pull.uasset" 461
"D:/Unreal Projects/VR-Controller/Content/Framework/Controllers/Touch/Animations/r_controller_button01_anim.uasset" 462
"D:/Unreal Projects/VR-Controller/Content/Framework/Controllers/Touch/Animations/r_controller_press_B1.uasset" 463
"D:/Unreal Projects/VR-Controller/Content/Framework/Controllers/Touch/Animations/r_controller_button02_anim.uasset" 464
"D:/Unreal Projects/VR-Controller/Content/Framework/Controllers/Touch/Animations/r_controller_press_B2.uasset" 465
"D:/Unreal Projects/VR-Controller/Content/Framework/Controllers/Touch/Animations/r_controller_trigger_pull_anim.uasset" 466
"D:/Unreal Projects/VR-Controller/Content/Framework/Controllers/Touch/Animations/r_controller_trigger_pull.uasset" 467
"D:/Unreal Projects/VR-Controller/Content/Framework/Controllers/Touch/Models/RightTouchAnimBP.uasset" 468
"D:/Unreal Projects/VR-Controller/Content/Framework/Controllers/Touch/Models/touchController_albedo.uasset" 469
"D:/Unreal Projects/VR-Controller/Content/Framework/Controllers/Touch/Models/touchController_controlmap.uasset" 470
"D:/Unreal Projects/VR-Controller/Content/Framework/Controllers/Touch/Models/touchController_mat.uasset" 471
"D:/Unreal Projects/VR-Controller/Content/Framework/Controllers/Touch/Models/left_touch_controller_model_skel_PhysicsAsset.uasset" 472
"D:/Unreal Projects/VR-Controller/Content/Framework/Controllers/Touch/Models/left_touch_controller_model_skel.uasset" 473
"D:/Unreal Projects/VR-Controller/Content/Framework/Controllers/Touch/Models/right_touch_controller_model_skel_PhysicsAsset.uasset" 474
"D:/Unreal Projects/VR-Controller/Content/Framework/Controllers/Touch/Models/right_touch_controller_model_skel.uasset" 475
"D:/Unreal Projects/VR-Controller/Content/Framework/Controllers/Touch/TouchController.uasset" 476
"D:/Unreal Projects/VR-Controller/Content/Framework/Pawn/VRPawn.uasset" 477
"D:/Unreal Projects/VR-Controller/Content/VirtualRealityBP/Maps/PickUpTest_2_BuiltData.uasset" 478
"D:/Unreal Projects/VR-Controller/Content/VirtualRealityBP/Maps/PickUpTest_2.umap" 479
"../../../Engine/Content/BasicShapes/Cube.uasset" 480
"D:/Unreal Projects/VR-Controller/Content/Blueprints/RPSAI.uasset" 481
"D:/Unreal Projects/VR-Controller/Content/VirtualRealityBP/Maps/RockPaperScissors_BuiltData.uasset" 482
"D:/Unreal Projects/VR-Controller/Content/VirtualRealityBP/Maps/RockPaperScissors.umap" 483
